<?xml version="1.0" encoding="UTF-8"?>
<!-- Generated by org.testng.reporters.JUnitXMLReporter -->
<testsuite ignored="0" hostname="DESKTOP-906HLBK" failures="0" tests="9" name="test case1" time="83.058" errors="0" timestamp="2024-08-27T12:52:09 IST">
  <testcase classname="frameworkproperties.demo1" name="loginwithvalidcredentials" time="0.892"/>
  <testcase classname="frameworkproperties.demo1" name="loginwithinvalidcredentials" time="0.917"/>
  <testcase classname="frameworkproperties.demo1" name="loginwithvalidEmailinvalidcredentials" time="0.866"/>
  <testcase classname="frameworkproperties.demo1" name="loginwithinvalidemailvalidpassword" time="0.781"/>
  <testcase classname="frameworkproperties.regdemo1" name="qaregister" time="1.951"/>
  <testcase classname="frameworkproperties.regdemo1" name="withoutenteringfields" time="0.57"/>
  <testcase classname="frameworkproperties.serachpagedemo" name="searchforvalidproduct" time="0.613"/>
  <testcase classname="frameworkproperties.serachpagedemo" name="searchforinvalidproduct" time="0.49"/>
  <testcase classname="frameworkproperties.serachpagedemo" name="withoutgivinginput" time="1.587"/>
</testsuite> <!-- test case1 -->
