<?xml version="1.0" encoding="UTF-8"?>
<!-- Generated by org.testng.reporters.JUnitXMLReporter -->
<testsuite ignored="0" hostname="DESKTOP-906HLBK" failures="0" tests="3" name="Default test" time="27.091" errors="0" timestamp="2024-08-27T12:47:00 IST">
  <testcase classname="frameworkproperties.serachpagedemo" name="searchforvalidproduct" time="0.628"/>
  <testcase classname="frameworkproperties.serachpagedemo" name="searchforinvalidproduct" time="0.623"/>
  <testcase classname="frameworkproperties.serachpagedemo" name="withoutgivinginput" time="0.525"/>
</testsuite> <!-- Default test -->
