<?xml version="1.0" encoding="UTF-8"?>
<!-- Generated by org.testng.reporters.JUnitXMLReporter -->
<testsuite ignored="0" hostname="DESKTOP-906HLBK" failures="0" tests="4" name="Test" time="11.4" errors="0" timestamp="2024-08-16T17:40:25 IST">
  <testcase classname="testngcase.validdetailsdemo" name="lwvc" time="3.411"/>
  <testcase classname="testngcase.invaliddetailsdemo" name="lwveip" time="0.563"/>
  <testcase classname="testngcase.invaliddetailsdemo" name="lwievp" time="0.869"/>
  <testcase classname="testngcase.invaliddetailsdemo" name="lwieip" time="0.698"/>
</testsuite> <!-- Test -->
