<?xml version="1.0" encoding="UTF-8"?>
<!-- Generated by org.testng.reporters.JUnitXMLReporter -->
<testsuite ignored="0" hostname="DESKTOP-906HLBK" failures="1" tests="3" name="test1" time="11.281" errors="0" timestamp="2024-08-17T19:16:50 IST">
  <testcase classname="testngcase.invaliddetailsdemo" name="lwievp" time="0.821">
    <failure type="java.lang.AssertionError" message="expected [false] but found [true]">
      <![CDATA[java.lang.AssertionError: expected [false] but found [true]
at testngcase.invaliddetailsdemo.lwievp(invaliddetailsdemo.java:59)
at java.base/java.util.ArrayList.forEach(ArrayList.java:1596)
... Removed 29 stack frames]]>
    </failure>
  </testcase> <!-- lwievp -->
  <testcase classname="testngcase.invaliddetailsdemo" name="lwveip" time="0.0">
    <skipped/>
  </testcase> <!-- lwveip -->
  <testcase classname="testngcase.invaliddetailsdemo" name="lwieip" time="0.0">
    <skipped/>
  </testcase> <!-- lwieip -->
</testsuite> <!-- test1 -->
