<?xml version="1.0" encoding="UTF-8"?>
<testng-results ignored="0" total="9" passed="9" failed="0" skipped="0">
  <reporter-output>
  </reporter-output>
  <suite started-at="2024-08-27T12:50:46 IST" name="suite case1" finished-at="2024-08-27T12:52:09 IST" duration-ms="83058">
    <groups>
    </groups>
    <test started-at="2024-08-27T12:50:46 IST" name="test case1" finished-at="2024-08-27T12:52:09 IST" duration-ms="83058">
      <class name="frameworkproperties.demo1">
        <test-method is-config="true" signature="setup()[pri:0, instance:frameworkproperties.demo1@67c27493]" started-at="2024-08-27T12:50:46 IST" name="setup" finished-at="2024-08-27T12:50:51 IST" duration-ms="5073" status="PASS">
          <reporter-output>
          </reporter-output>
        </test-method> <!-- setup -->
        <test-method signature="loginwithvalidcredentials()[pri:1, instance:frameworkproperties.demo1@67c27493]" started-at="2024-08-27T12:50:51 IST" name="loginwithvalidcredentials" finished-at="2024-08-27T12:50:52 IST" duration-ms="892" status="PASS">
          <reporter-output>
          </reporter-output>
        </test-method> <!-- loginwithvalidcredentials -->
        <test-method is-config="true" signature="Teardown()[pri:0, instance:frameworkproperties.demo1@67c27493]" started-at="2024-08-27T12:50:52 IST" name="Teardown" finished-at="2024-08-27T12:50:57 IST" duration-ms="5396" status="PASS">
          <reporter-output>
          </reporter-output>
        </test-method> <!-- Teardown -->
        <test-method is-config="true" signature="setup()[pri:0, instance:frameworkproperties.demo1@67c27493]" started-at="2024-08-27T12:50:57 IST" name="setup" finished-at="2024-08-27T12:51:00 IST" duration-ms="2853" status="PASS">
          <reporter-output>
          </reporter-output>
        </test-method> <!-- setup -->
        <test-method signature="loginwithinvalidcredentials()[pri:2, instance:frameworkproperties.demo1@67c27493]" started-at="2024-08-27T12:51:00 IST" name="loginwithinvalidcredentials" finished-at="2024-08-27T12:51:01 IST" duration-ms="917" status="PASS">
          <reporter-output>
          </reporter-output>
        </test-method> <!-- loginwithinvalidcredentials -->
        <test-method is-config="true" signature="Teardown()[pri:0, instance:frameworkproperties.demo1@67c27493]" started-at="2024-08-27T12:51:01 IST" name="Teardown" finished-at="2024-08-27T12:51:06 IST" duration-ms="5302" status="PASS">
          <reporter-output>
          </reporter-output>
        </test-method> <!-- Teardown -->
        <test-method is-config="true" signature="setup()[pri:0, instance:frameworkproperties.demo1@67c27493]" started-at="2024-08-27T12:51:06 IST" name="setup" finished-at="2024-08-27T12:51:09 IST" duration-ms="3243" status="PASS">
          <reporter-output>
          </reporter-output>
        </test-method> <!-- setup -->
        <test-method signature="loginwithvalidEmailinvalidcredentials()[pri:3, instance:frameworkproperties.demo1@67c27493]" started-at="2024-08-27T12:51:09 IST" name="loginwithvalidEmailinvalidcredentials" finished-at="2024-08-27T12:51:10 IST" duration-ms="866" status="PASS">
          <reporter-output>
          </reporter-output>
        </test-method> <!-- loginwithvalidEmailinvalidcredentials -->
        <test-method is-config="true" signature="Teardown()[pri:0, instance:frameworkproperties.demo1@67c27493]" started-at="2024-08-27T12:51:10 IST" name="Teardown" finished-at="2024-08-27T12:51:16 IST" duration-ms="5310" status="PASS">
          <reporter-output>
          </reporter-output>
        </test-method> <!-- Teardown -->
        <test-method is-config="true" signature="setup()[pri:0, instance:frameworkproperties.demo1@67c27493]" started-at="2024-08-27T12:51:16 IST" name="setup" finished-at="2024-08-27T12:51:19 IST" duration-ms="2912" status="PASS">
          <reporter-output>
          </reporter-output>
        </test-method> <!-- setup -->
        <test-method signature="loginwithinvalidemailvalidpassword()[pri:4, instance:frameworkproperties.demo1@67c27493]" started-at="2024-08-27T12:51:19 IST" name="loginwithinvalidemailvalidpassword" finished-at="2024-08-27T12:51:19 IST" duration-ms="781" status="PASS">
          <reporter-output>
          </reporter-output>
        </test-method> <!-- loginwithinvalidemailvalidpassword -->
        <test-method is-config="true" signature="Teardown()[pri:0, instance:frameworkproperties.demo1@67c27493]" started-at="2024-08-27T12:51:19 IST" name="Teardown" finished-at="2024-08-27T12:51:25 IST" duration-ms="5321" status="PASS">
          <reporter-output>
          </reporter-output>
        </test-method> <!-- Teardown -->
      </class> <!-- frameworkproperties.demo1 -->
      <class name="frameworkproperties.regdemo1">
        <test-method is-config="true" signature="setup()[pri:0, instance:frameworkproperties.regdemo1@78691363]" started-at="2024-08-27T12:51:25 IST" name="setup" finished-at="2024-08-27T12:51:27 IST" duration-ms="2708" status="PASS">
          <reporter-output>
          </reporter-output>
        </test-method> <!-- setup -->
        <test-method signature="qaregister()[pri:0, instance:frameworkproperties.regdemo1@78691363]" started-at="2024-08-27T12:51:27 IST" name="qaregister" finished-at="2024-08-27T12:51:29 IST" duration-ms="1951" status="PASS">
          <reporter-output>
          </reporter-output>
        </test-method> <!-- qaregister -->
        <test-method is-config="true" signature="teardown()[pri:0, instance:frameworkproperties.regdemo1@78691363]" started-at="2024-08-27T12:51:29 IST" name="teardown" finished-at="2024-08-27T12:51:35 IST" duration-ms="5340" status="PASS">
          <reporter-output>
          </reporter-output>
        </test-method> <!-- teardown -->
        <test-method is-config="true" signature="setup()[pri:0, instance:frameworkproperties.regdemo1@78691363]" started-at="2024-08-27T12:51:35 IST" name="setup" finished-at="2024-08-27T12:51:38 IST" duration-ms="2963" status="PASS">
          <reporter-output>
          </reporter-output>
        </test-method> <!-- setup -->
        <test-method signature="withoutenteringfields()[pri:0, instance:frameworkproperties.regdemo1@78691363]" started-at="2024-08-27T12:51:38 IST" name="withoutenteringfields" finished-at="2024-08-27T12:51:38 IST" duration-ms="570" status="PASS">
          <reporter-output>
          </reporter-output>
        </test-method> <!-- withoutenteringfields -->
        <test-method is-config="true" signature="teardown()[pri:0, instance:frameworkproperties.regdemo1@78691363]" started-at="2024-08-27T12:51:38 IST" name="teardown" finished-at="2024-08-27T12:51:44 IST" duration-ms="5343" status="PASS">
          <reporter-output>
          </reporter-output>
        </test-method> <!-- teardown -->
      </class> <!-- frameworkproperties.regdemo1 -->
      <class name="frameworkproperties.serachpagedemo">
        <test-method is-config="true" signature="setup()[pri:0, instance:frameworkproperties.serachpagedemo@41d477ed]" started-at="2024-08-27T12:51:44 IST" name="setup" finished-at="2024-08-27T12:51:46 IST" duration-ms="2396" status="PASS">
          <reporter-output>
          </reporter-output>
        </test-method> <!-- setup -->
        <test-method signature="searchforvalidproduct()[pri:1, instance:frameworkproperties.serachpagedemo@41d477ed]" started-at="2024-08-27T12:51:46 IST" name="searchforvalidproduct" finished-at="2024-08-27T12:51:47 IST" duration-ms="613" status="PASS">
          <reporter-output>
          </reporter-output>
        </test-method> <!-- searchforvalidproduct -->
        <test-method is-config="true" signature="teardown()[pri:0, instance:frameworkproperties.serachpagedemo@41d477ed]" started-at="2024-08-27T12:51:47 IST" name="teardown" finished-at="2024-08-27T12:51:52 IST" duration-ms="5237" status="PASS">
          <reporter-output>
          </reporter-output>
        </test-method> <!-- teardown -->
        <test-method is-config="true" signature="setup()[pri:0, instance:frameworkproperties.serachpagedemo@41d477ed]" started-at="2024-08-27T12:51:52 IST" name="setup" finished-at="2024-08-27T12:51:54 IST" duration-ms="2679" status="PASS">
          <reporter-output>
          </reporter-output>
        </test-method> <!-- setup -->
        <test-method signature="searchforinvalidproduct()[pri:2, instance:frameworkproperties.serachpagedemo@41d477ed]" started-at="2024-08-27T12:51:54 IST" name="searchforinvalidproduct" finished-at="2024-08-27T12:51:55 IST" duration-ms="490" status="PASS">
          <reporter-output>
          </reporter-output>
        </test-method> <!-- searchforinvalidproduct -->
        <test-method is-config="true" signature="teardown()[pri:0, instance:frameworkproperties.serachpagedemo@41d477ed]" started-at="2024-08-27T12:51:55 IST" name="teardown" finished-at="2024-08-27T12:52:00 IST" duration-ms="5297" status="PASS">
          <reporter-output>
          </reporter-output>
        </test-method> <!-- teardown -->
        <test-method is-config="true" signature="setup()[pri:0, instance:frameworkproperties.serachpagedemo@41d477ed]" started-at="2024-08-27T12:52:00 IST" name="setup" finished-at="2024-08-27T12:52:02 IST" duration-ms="1663" status="PASS">
          <reporter-output>
          </reporter-output>
        </test-method> <!-- setup -->
        <test-method signature="withoutgivinginput()[pri:3, instance:frameworkproperties.serachpagedemo@41d477ed]" started-at="2024-08-27T12:52:02 IST" name="withoutgivinginput" finished-at="2024-08-27T12:52:04 IST" duration-ms="1587" status="PASS">
          <reporter-output>
          </reporter-output>
        </test-method> <!-- withoutgivinginput -->
        <test-method is-config="true" signature="teardown()[pri:0, instance:frameworkproperties.serachpagedemo@41d477ed]" started-at="2024-08-27T12:52:04 IST" name="teardown" finished-at="2024-08-27T12:52:09 IST" duration-ms="5265" status="PASS">
          <reporter-output>
          </reporter-output>
        </test-method> <!-- teardown -->
      </class> <!-- frameworkproperties.serachpagedemo -->
    </test> <!-- test case1 -->
  </suite> <!-- suite case1 -->
</testng-results>
