<?xml version="1.0" encoding="UTF-8"?>
<!-- Generated by org.testng.reporters.JUnitReportReporter -->
<testsuite hostname="DESKTOP-906HLBK" failures="0" tests="4" name="frameworkproperties.demo1" time="38.866" errors="0" timestamp="2024-08-27T12:52:09 IST" skipped="0">
  <testcase classname="frameworkproperties.demo1" name="loginwithvalidcredentials" time="11.275"/>
  <testcase classname="frameworkproperties.demo1" name="loginwithinvalidcredentials" time="9.481"/>
  <testcase classname="frameworkproperties.demo1" name="loginwithvalidEmailinvalidcredentials" time="9.080"/>
  <testcase classname="frameworkproperties.demo1" name="loginwithinvalidemailvalidpassword" time="9.030"/>
</testsuite> <!-- frameworkproperties.demo1 -->
