<?xml version="1.0" encoding="UTF-8"?>
<!-- Generated by org.testng.reporters.JUnitReportReporter -->
<testsuite hostname="DESKTOP-906HLBK" failures="0" tests="3" name="frameworkproperties.serachpagedemo" time="25.227" errors="0" timestamp="2024-08-27T12:52:09 IST" skipped="0">
  <testcase classname="frameworkproperties.serachpagedemo" name="searchforvalidproduct" time="8.589"/>
  <testcase classname="frameworkproperties.serachpagedemo" name="searchforinvalidproduct" time="8.123"/>
  <testcase classname="frameworkproperties.serachpagedemo" name="withoutgivinginput" time="8.515"/>
</testsuite> <!-- frameworkproperties.serachpagedemo -->
