<?xml version="1.0" encoding="UTF-8"?>
<!-- Generated by org.testng.reporters.JUnitReportReporter -->
<testsuite hostname="DESKTOP-906HLBK" failures="0" tests="2" name="frameworkproperties.regdemo1" time="18.875" errors="0" timestamp="2024-08-27T12:52:09 IST" skipped="0">
  <testcase classname="frameworkproperties.regdemo1" name="withoutenteringfields" time="8.621"/>
  <testcase classname="frameworkproperties.regdemo1" name="qaregister" time="10.254"/>
</testsuite> <!-- frameworkproperties.regdemo1 -->
